This is pdfTeX, Version 3.141592653-2.6-1.40.24 (TeX Live 2022) (preloaded format=pdflatex 2022.11.24)  10 MAR 2024 00:44
entering extended mode
 restricted \write18 enabled.
 %&-line parsing enabled.
**documentation.tex
(./documentation.tex
LaTeX2e <2021-11-15> patch level 1
L3 programming layer <2022-02-24>
(/usr/local/texlive/2022/texmf-dist/tex/latex/base/article.cls
Document Class: article 2021/10/04 v1.4n Standard LaTeX document class
(/usr/local/texlive/2022/texmf-dist/tex/latex/base/size12.clo
File: size12.clo 2021/10/04 v1.4n Standard LaTeX file (size option)
)
\c@part=\count185
\c@section=\count186
\c@subsection=\count187
\c@subsubsection=\count188
\c@paragraph=\count189
\c@subparagraph=\count190
\c@figure=\count191
\c@table=\count192
\abovecaptionskip=\skip47
\belowcaptionskip=\skip48
\bibindent=\dimen138
)
(/usr/local/texlive/2022/texmf-dist/tex/latex/graphics/graphicx.sty
Package: graphicx 2021/09/16 v1.2d Enhanced LaTeX Graphics (DPC,SPQR)

(/usr/local/texlive/2022/texmf-dist/tex/latex/graphics/keyval.sty
Package: keyval 2014/10/28 v1.15 key=value parser (DPC)
\KV@toks@=\toks16
)
(/usr/local/texlive/2022/texmf-dist/tex/latex/graphics/graphics.sty
Package: graphics 2021/03/04 v1.4d Standard LaTeX Graphics (DPC,SPQR)

(/usr/local/texlive/2022/texmf-dist/tex/latex/graphics/trig.sty
Package: trig 2021/08/11 v1.11 sin cos tan (DPC)
)
(/usr/local/texlive/2022/texmf-dist/tex/latex/graphics-cfg/graphics.cfg
File: graphics.cfg 2016/06/04 v1.11 sample graphics configuration
)
Package graphics Info: Driver file: pdftex.def on input line 107.

(/usr/local/texlive/2022/texmf-dist/tex/latex/graphics-def/pdftex.def
File: pdftex.def 2020/10/05 v1.2a Graphics/color driver for pdftex
))
\Gin@req@height=\dimen139
\Gin@req@width=\dimen140
)
(/usr/local/texlive/2022/texmf-dist/tex/generic/babel/babel.sty
Package: babel 2022/02/26 3.73 The Babel package
\babel@savecnt=\count193
\U@D=\dimen141
\l@unhyphenated=\language87

(/usr/local/texlive/2022/texmf-dist/tex/generic/babel/txtbabel.def)
\bbl@readstream=\read2
\bbl@dirlevel=\count194

(/usr/local/texlive/2022/texmf-dist/tex/generic/babel-polish/polish.ldf
Language: polish 2022/03/12 1.3 Babel support for Polish
Package babel Info: Making " an active character on input line 101.
))
(/usr/local/texlive/2022/texmf-dist/tex/latex/base/inputenc.sty
Package: inputenc 2021/02/14 v1.3d Input encoding file
\inpenc@prehook=\toks17
\inpenc@posthook=\toks18
)
(/usr/local/texlive/2022/texmf-dist/tex/latex/base/fontenc.sty
Package: fontenc 2021/04/29 v2.0v Standard LaTeX package
)
(/usr/local/texlive/2022/texmf-dist/tex/latex/psnfss/mathpazo.sty
Package: mathpazo 2020/03/25 PSNFSS-v9.3 Palatino w/ Pazo Math (D.Puga, WaS) 
\symupright=\mathgroup4
)

! LaTeX Error: Missing \begin{document}.

See the LaTeX manual or LaTeX Companion for explanation.
Type  H <return>  for immediate help.
 ...                                              
                                                  
l.15 \begin{center}
                   
You're in trouble here.  Try typing  <return>  to proceed.
If that doesn't work, type  X <return>  to quit.

<images//ur_inf_logo.png, id=1, 1674.255pt x 461.725pt>
File: images//ur_inf_logo.png Graphic file (type png)
<use images//ur_inf_logo.png>
Package pdftex.def Info: images//ur_inf_logo.png  used on input line 16.
(pdftex.def)             Requested size: 334.84506pt x 92.34335pt.

! LaTeX Error: There's no line here to end.

See the LaTeX manual or LaTeX Companion for explanation.
Type  H <return>  for immediate help.
 ...                                              
                                                  
l.16 ...cludegraphics[scale=0.2]{ur_inf_logo}\\ \\
                                                   \\ \\
Your command was ignored.
Type  I <command> <return>  to replace it with another command,
or  <return>  to continue without it.


! LaTeX Error: There's no line here to end.

See the LaTeX manual or LaTeX Companion for explanation.
Type  H <return>  for immediate help.
 ...                                              
                                                  
l.16 ...degraphics[scale=0.2]{ur_inf_logo}\\ \\ \\
                                                   \\
Your command was ignored.
Type  I <command> <return>  to replace it with another command,
or  <return>  to continue without it.


! LaTeX Error: There's no line here to end.

See the LaTeX manual or LaTeX Companion for explanation.
Type  H <return>  for immediate help.
 ...                                              
                                                  
l.16 ...raphics[scale=0.2]{ur_inf_logo}\\ \\ \\ \\
                                                  
Your command was ignored.
Type  I <command> <return>  to replace it with another command,
or  <return>  to continue without it.

LaTeX Font Info:    Trying to load font information for T1+ppl on input line 51
.
(/usr/local/texlive/2022/texmf-dist/tex/latex/psnfss/t1ppl.fd
File: t1ppl.fd 2001/06/04 font definitions for T1/ppl.
) [1

{/usr/local/texlive/2022/texmf-var/fonts/map/pdftex/updmap/pdftex.map} <./image
s//ur_inf_logo.png>] (/usr/local/texlive/2022/texmf-dist/tex/latex/geometry/geo
metry.sty
Package: geometry 2020/01/02 v5.9 Page Geometry

(/usr/local/texlive/2022/texmf-dist/tex/generic/iftex/ifvtex.sty
Package: ifvtex 2019/10/25 v1.7 ifvtex legacy package. Use iftex instead.

(/usr/local/texlive/2022/texmf-dist/tex/generic/iftex/iftex.sty
Package: iftex 2022/02/03 v1.0f TeX engine tests
))
\Gm@cnth=\count195
\Gm@cntv=\count196
\c@Gm@tempcnt=\count197
\Gm@bindingoffset=\dimen142
\Gm@wd@mp=\dimen143
\Gm@odd@mp=\dimen144
\Gm@even@mp=\dimen145
\Gm@layoutwidth=\dimen146
\Gm@layoutheight=\dimen147
\Gm@layouthoffset=\dimen148
\Gm@layoutvoffset=\dimen149
\Gm@dimlist=\toks19
)

Package geometry Warning: Over-specification in `h'-direction.
    `width' (483.69684pt) is ignored.


Package geometry Warning: Over-specification in `v'-direction.
    `height' (731.23582pt) is ignored.

(/usr/local/texlive/2022/texmf-dist/tex/latex/l3backend/l3backend-pdftex.def
File: l3backend-pdftex.def 2022-02-07 L3 backend support: PDF output (pdfTeX)
\l__color_backend_stack_int=\count198
\l__pdf_internal_box=\box50
)
(./documentation.aux)
\openout1 = `documentation.aux'.

LaTeX Font Info:    Checking defaults for OML/cmm/m/it on input line 67.
LaTeX Font Info:    ... okay on input line 67.
LaTeX Font Info:    Checking defaults for OMS/cmsy/m/n on input line 67.
LaTeX Font Info:    ... okay on input line 67.
LaTeX Font Info:    Checking defaults for OT1/cmr/m/n on input line 67.
LaTeX Font Info:    ... okay on input line 67.
LaTeX Font Info:    Checking defaults for T1/cmr/m/n on input line 67.
LaTeX Font Info:    ... okay on input line 67.
LaTeX Font Info:    Checking defaults for TS1/cmr/m/n on input line 67.
LaTeX Font Info:    ... okay on input line 67.
LaTeX Font Info:    Checking defaults for OMX/cmex/m/n on input line 67.
LaTeX Font Info:    ... okay on input line 67.
LaTeX Font Info:    Checking defaults for U/cmr/m/n on input line 67.
LaTeX Font Info:    ... okay on input line 67.

(/usr/local/texlive/2022/texmf-dist/tex/context/base/mkii/supp-pdf.mkii
[Loading MPS to PDF converter (version 2006.09.02).]
\scratchcounter=\count199
\scratchdimen=\dimen150
\scratchbox=\box51
\nofMPsegments=\count266
\nofMParguments=\count267
\everyMPshowfont=\toks20
\MPscratchCnt=\count268
\MPscratchDim=\dimen151
\MPnumerator=\count269
\makeMPintoPDFobject=\count270
\everyMPtoPDFconversion=\toks21
) (/usr/local/texlive/2022/texmf-dist/tex/latex/epstopdf-pkg/epstopdf-base.sty
Package: epstopdf-base 2020-01-24 v2.11 Base part for package epstopdf
Package epstopdf-base Info: Redefining graphics rule for `.eps' on input line 4
85.

(/usr/local/texlive/2022/texmf-dist/tex/latex/latexconfig/epstopdf-sys.cfg
File: epstopdf-sys.cfg 2010/07/13 v1.3 Configuration of (r)epstopdf for TeX Liv
e
))
\big@size=\dimen152

*geometry* driver: auto-detecting
*geometry* detected driver: pdftex
*geometry* verbose mode - [ preamble ] result:
* driver: pdftex
* paper: a4paper
* layout: <same size as paper>
* layoutoffset:(h,v)=(0.0pt,0.0pt)
* modes: 
* h-part:(L,W,R)=(71.13188pt, 455.24411pt, 71.13188pt)
* v-part:(T,H,B)=(71.13188pt, 702.78308pt, 71.13188pt)
* \paperwidth=597.50787pt
* \paperheight=845.04684pt
* \textwidth=455.24411pt
* \textheight=702.78308pt
* \oddsidemargin=-1.1381pt
* \evensidemargin=-1.1381pt
* \topmargin=-38.1381pt
* \headheight=12.0pt
* \headsep=25.0pt
* \topskip=12.0pt
* \footskip=30.0pt
* \marginparwidth=44.0pt
* \marginparsep=10.0pt
* \columnsep=10.0pt
* \skip\footins=10.8pt plus 4.0pt minus 2.0pt
* \hoffset=0.0pt
* \voffset=0.0pt
* \mag=1000
* \@twocolumnfalse
* \@twosidefalse
* \@mparswitchfalse
* \@reversemarginfalse
* (1in=72.27pt=25.4mm, 1cm=28.453pt)

(./documentation.toc
LaTeX Font Info:    Trying to load font information for OT1+ppl on input line 5
.

(/usr/local/texlive/2022/texmf-dist/tex/latex/psnfss/ot1ppl.fd
File: ot1ppl.fd 2001/06/04 font definitions for OT1/ppl.
)
LaTeX Font Info:    Trying to load font information for OML+zplm on input line 
5.

(/usr/local/texlive/2022/texmf-dist/tex/latex/psnfss/omlzplm.fd
File: omlzplm.fd 2002/09/08 Fontinst v1.914 font definitions for OML/zplm.
)
LaTeX Font Info:    Trying to load font information for OMS+zplm on input line 
5.

(/usr/local/texlive/2022/texmf-dist/tex/latex/psnfss/omszplm.fd
File: omszplm.fd 2002/09/08 Fontinst v1.914 font definitions for OMS/zplm.
)
LaTeX Font Info:    Trying to load font information for OMX+zplm on input line 
5.

(/usr/local/texlive/2022/texmf-dist/tex/latex/psnfss/omxzplm.fd
File: omxzplm.fd 2002/09/08 Fontinst v1.914 font definitions for OMX/zplm.
)
LaTeX Font Info:    Trying to load font information for OT1+zplm on input line 
5.

(/usr/local/texlive/2022/texmf-dist/tex/latex/psnfss/ot1zplm.fd
File: ot1zplm.fd 2002/09/08 Fontinst v1.914 font definitions for OT1/zplm.
))
\tf@toc=\write3
\openout3 = `documentation.toc'.

 [1] [2]
<images//daltonizm_rodzaje.png, id=19, 423.08063pt x 451.6875pt>
File: images//daltonizm_rodzaje.png Graphic file (type png)
<use images//daltonizm_rodzaje.png>
Package pdftex.def Info: images//daltonizm_rodzaje.png  used on input line 109.

(pdftex.def)             Requested size: 273.14923pt x 291.62912pt.

[3 <./images//daltonizm_rodzaje.png>]
<images//ishihara.png, id=24, 454.69875pt x 484.81125pt>
File: images//ishihara.png Graphic file (type png)
<use images//ishihara.png>
Package pdftex.def Info: images//ishihara.png  used on input line 120.
(pdftex.def)             Requested size: 318.66948pt x 339.77982pt.
 [4 <./images//ishihara.png>]
! You can't use `macro parameter character #' in horizontal mode.
l.139 ...aÅ„. Aplikacja jest napisana w~jÄ™zyku C#
                                                   w~Å›rodowisku Unity. Apli...
Sorry, but I'm not programmed to handle this case;
I'll just pretend that you didn't ask for it.
If you're in the wrong mode, you might be able to
return to the right one by typing `I}' or `I$' or `I\par'.

[5] [6]
LaTeX Font Info:    Trying to load font information for TS1+ppl on input line 1
72.
 (/usr/local/texlive/2022/texmf-dist/tex/latex/psnfss/ts1ppl.fd
File: ts1ppl.fd 2001/06/04 font definitions for TS1/ppl.
)
<images//reqDiagram.png, id=36, 1160.83687pt x 720.44156pt>
File: images//reqDiagram.png Graphic file (type png)
<use images//reqDiagram.png>
Package pdftex.def Info: images//reqDiagram.png  used on input line 199.
(pdftex.def)             Requested size: 364.19667pt x 226.02786pt.

[7 <./images//reqDiagram.png>]
<images//useCaseDiagram.png, id=41, 718.93594pt x 670.75594pt>
File: images//useCaseDiagram.png Graphic file (type png)
<use images//useCaseDiagram.png>
Package pdftex.def Info: images//useCaseDiagram.png  used on input line 218.
(pdftex.def)             Requested size: 364.19667pt x 339.79861pt.
 [8 <./images//useCaseDiagram.png>]
Underfull \hbox (badness 10000) in paragraph at lines 229--230

 []


Underfull \hbox (badness 10000) in paragraph at lines 233--234

 []


Underfull \hbox (badness 10000) in paragraph at lines 235--236

 []


Underfull \hbox (badness 10000) in paragraph at lines 241--242

 []


Underfull \hbox (badness 10000) in paragraph at lines 243--244

 []


Underfull \hbox (badness 10000) in paragraph at lines 249--250

 []


Underfull \hbox (badness 10000) in paragraph at lines 251--252

 []


Underfull \hbox (badness 10000) in paragraph at lines 253--254

 []


Underfull \hbox (badness 10000) in paragraph at lines 263--264

 []


Underfull \hbox (badness 10000) in paragraph at lines 265--266

 []


Underfull \hbox (badness 10000) in paragraph at lines 267--268

 []


Underfull \hbox (badness 10000) in paragraph at lines 270--271

 []

[9]
Underfull \hbox (badness 10000) in paragraph at lines 280--281

 []


Underfull \hbox (badness 10000) in paragraph at lines 282--283

 []


Underfull \hbox (badness 10000) in paragraph at lines 284--285

 []


Underfull \hbox (badness 10000) in paragraph at lines 287--288

 []


Underfull \hbox (badness 10000) in paragraph at lines 297--298

 []


Underfull \hbox (badness 10000) in paragraph at lines 299--300

 []


Underfull \hbox (badness 10000) in paragraph at lines 301--302

 []


Underfull \hbox (badness 10000) in paragraph at lines 304--305

 []


Underfull \hbox (badness 10000) in paragraph at lines 314--315

 []

[10]
Underfull \hbox (badness 10000) in paragraph at lines 316--317

 []


Underfull \hbox (badness 10000) in paragraph at lines 318--319

 []


Underfull \hbox (badness 10000) in paragraph at lines 321--322

 []


Underfull \hbox (badness 10000) in paragraph at lines 331--332

 []


Underfull \hbox (badness 10000) in paragraph at lines 333--334

 []


Underfull \hbox (badness 10000) in paragraph at lines 335--336

 []


Underfull \hbox (badness 10000) in paragraph at lines 338--339

 []


Underfull \hbox (badness 10000) in paragraph at lines 348--349

 []


Underfull \hbox (badness 10000) in paragraph at lines 350--351

 []


Underfull \hbox (badness 10000) in paragraph at lines 352--353

 []


Underfull \hbox (badness 10000) in paragraph at lines 355--356

 []


Underfull \hbox (badness 10000) in paragraph at lines 365--366

 []


Underfull \hbox (badness 10000) in paragraph at lines 367--368

 []

[11]
Underfull \hbox (badness 10000) in paragraph at lines 369--370

 []


Overfull \hbox (9.16399pt too wide) in paragraph at lines 372--373
 [] \T1/ppl/m/n/12 U»yt-kow-nik mo»e wy-bra¢ za-kªadk¦ "Hi-sto-ria ba-da«"lub z
a-kªadk¦ "Zmiana da-nych"za
 []


Underfull \hbox (badness 10000) in paragraph at lines 372--373

 []


Underfull \hbox (badness 10000) in paragraph at lines 382--383

 []


Underfull \hbox (badness 10000) in paragraph at lines 384--385

 []


Underfull \hbox (badness 10000) in paragraph at lines 386--387

 []


Underfull \hbox (badness 10000) in paragraph at lines 389--390

 []


Underfull \hbox (badness 10000) in paragraph at lines 399--400

 []


Underfull \hbox (badness 10000) in paragraph at lines 401--402

 []


Underfull \hbox (badness 10000) in paragraph at lines 403--404

 []


Underfull \hbox (badness 10000) in paragraph at lines 406--407

 []


Underfull \hbox (badness 10000) in paragraph at lines 416--417

 []


Underfull \hbox (badness 10000) in paragraph at lines 418--419

 []


Underfull \hbox (badness 10000) in paragraph at lines 420--421

 []


Overfull \hbox (0.67943pt too wide) in paragraph at lines 423--424
 [] \T1/ppl/m/n/12 Je-±li ad-mi-ni-stra-tor pra-wi-dªowo za-lo-guje si¦ do sys-
temu to zo-staje wy-±wie-tlona w pa-
 []


Underfull \hbox (badness 10000) in paragraph at lines 423--424

 []

[12]
Underfull \hbox (badness 10000) in paragraph at lines 433--434

 []


Underfull \hbox (badness 10000) in paragraph at lines 435--436

 []


Underfull \hbox (badness 10000) in paragraph at lines 437--438

 []


Underfull \hbox (badness 10000) in paragraph at lines 440--441

 []


Underfull \hbox (badness 10000) in paragraph at lines 450--451

 []


Underfull \hbox (badness 10000) in paragraph at lines 452--453

 []


Underfull \hbox (badness 10000) in paragraph at lines 454--455

 []


Underfull \hbox (badness 10000) in paragraph at lines 457--458

 []

[13]
<images//aclogowanie.png, id=62, 942.52126pt x 655.69969pt>
File: images//aclogowanie.png Graphic file (type png)
<use images//aclogowanie.png>
Package pdftex.def Info: images//aclogowanie.png  used on input line 469.
(pdftex.def)             Requested size: 318.66948pt x 221.6943pt.
<images//acrejestracja.png, id=63, 928.97063pt x 770.12718pt>
File: images//acrejestracja.png Graphic file (type png)
<use images//acrejestracja.png>
Package pdftex.def Info: images//acrejestracja.png  used on input line 475.
(pdftex.def)             Requested size: 318.66948pt x 264.17825pt.


LaTeX Warning: `h' float specifier changed to `ht'.

[14 <./images//aclogowanie.png>]
Underfull \hbox (badness 10000) in paragraph at lines 486--487

 []

LaTeX Font Info:    Trying to load font information for T1+qcr on input line 48
9.
(/usr/local/texlive/2022/texmf-dist/tex/latex/tex-gyre/t1qcr.fd
File: t1qcr.fd 2009/09/25 v1.2 font definition file for T1/qcr
)
Underfull \hbox (badness 10000) in paragraph at lines 489--490

 []

[15 <./images//acrejestracja.png>]
<images//classDiagram.png, id=73, 900.36375pt x 684.30656pt>
File: images//classDiagram.png Graphic file (type png)
<use images//classDiagram.png>
Package pdftex.def Info: images//classDiagram.png  used on input line 493.
(pdftex.def)             Requested size: 364.19667pt x 276.79807pt.
 [16 <./images//classDiagram.png>]
<images//seqDiagram.png, id=78, 714.41907pt x 534.49687pt>
File: images//seqDiagram.png Graphic file (type png)
<use images//seqDiagram.png>
Package pdftex.def Info: images//seqDiagram.png  used on input line 508.
(pdftex.def)             Requested size: 364.19667pt x 272.47562pt.
<images//seqDiagramRejestracja.png, id=79, 762.59906pt x 542.025pt>
File: images//seqDiagramRejestracja.png Graphic file (type png)
<use images//seqDiagramRejestracja.png>
Package pdftex.def Info: images//seqDiagramRejestracja.png  used on input line 
514.
(pdftex.def)             Requested size: 364.19667pt x 258.854pt.


LaTeX Warning: `h' float specifier changed to `ht'.

[17 <./images//seqDiagram.png>]
Underfull \hbox (badness 10000) in paragraph at lines 524--525

 []

<images//activeDiagramUser.png, id=84, 553.31718pt x 331.99031pt>
File: images//activeDiagramUser.png Graphic file (type png)
<use images//activeDiagramUser.png>
Package pdftex.def Info: images//activeDiagramUser.png  used on input line 531.

(pdftex.def)             Requested size: 364.19667pt x 218.51651pt.

LaTeX Warning: `h' float specifier changed to `ht'.

[18 <./images//seqDiagramRejestracja.png>]
<images//wykres_gantta.png, id=90, 566.86781pt x 417.81094pt>
File: images//wykres_gantta.png Graphic file (type png)
<use images//wykres_gantta.png>
Package pdftex.def Info: images//wykres_gantta.png  used on input line 546.
(pdftex.def)             Requested size: 273.14923pt x 201.33113pt.
 [19 <./images//activeDiagramUser.png> <./images//wykres_gantta.png>] [20]
<images//GUI_logowanie.png, id=99, 599.99156pt x 419.31656pt>
File: images//GUI_logowanie.png Graphic file (type png)
<use images//GUI_logowanie.png>
Package pdftex.def Info: images//GUI_logowanie.png  used on input line 578.
(pdftex.def)             Requested size: 227.62206pt x 159.0796pt.
 [21 <./images//GUI_logowanie.png>]
<images//GUI_rejestracja.png, id=104, 388.45125pt x 548.80031pt>
File: images//GUI_rejestracja.png Graphic file (type png)
<use images//GUI_rejestracja.png>
Package pdftex.def Info: images//GUI_rejestracja.png  used on input line 589.
(pdftex.def)             Requested size: 227.62206pt x 321.587pt.

[22 <./images//GUI_rejestracja.png>]
<images//GUI_lista_badan.png, id=109, 770.12718pt x 441.90094pt>
File: images//GUI_lista_badan.png Graphic file (type png)
<use images//GUI_lista_badan.png>
Package pdftex.def Info: images//GUI_lista_badan.png  used on input line 606.
(pdftex.def)             Requested size: 227.62206pt x 130.60913pt.

! Undefined control sequence.
l.610 \newapge
              
The control sequence at the end of the top line
of your error message was never \def'ed. If you have
misspelled it (e.g., `\hobx'), type `I' and the correct
spelling (e.g., `I\hbox'). Otherwise just continue,
and I'll forget about whatever was undefined.

<images//GUI_opis_badania.png, id=110, 755.82375pt x 437.38406pt>
File: images//GUI_opis_badania.png Graphic file (type png)
<use images//GUI_opis_badania.png>
Package pdftex.def Info: images//GUI_opis_badania.png  used on input line 617.
(pdftex.def)             Requested size: 227.62206pt x 131.71677pt.
! Undefined control sequence.
l.621 \newapge
              
The control sequence at the end of the top line
of your error message was never \def'ed. If you have
misspelled it (e.g., `\hobx'), type `I' and the correct
spelling (e.g., `I\hbox'). Otherwise just continue,
and I'll forget about whatever was undefined.

<images//GUI_zarzadzanie_kontem.png, id=111, 763.35187pt x 441.14813pt>
File: images//GUI_zarzadzanie_kontem.png Graphic file (type png)
<use images//GUI_zarzadzanie_kontem.png>
Package pdftex.def Info: images//GUI_zarzadzanie_kontem.png  used on input line
 634.
(pdftex.def)             Requested size: 227.62206pt x 131.54442pt.

LaTeX Warning: `h' float specifier changed to `ht'.

! Undefined control sequence.
l.638 \newapge
              
The control sequence at the end of the top line
of your error message was never \def'ed. If you have
misspelled it (e.g., `\hobx'), type `I' and the correct
spelling (e.g., `I\hbox'). Otherwise just continue,
and I'll forget about whatever was undefined.


! LaTeX Error: File `GUI_istoroa_badan' not found.

See the LaTeX manual or LaTeX Companion for explanation.
Type  H <return>  for immediate help.
 ...                                              
                                                  
l.645 ...s[width=0.5\textwidth]{GUI_istoroa_badan}
                                                  
I could not locate the file with any of these extensions:
.pdf,.png,.jpg,.mps,.jpeg,.jbig2,.jb2,.PDF,.PNG,.JPG,.JPEG,.JBIG2,.JB2,.eps
Try typing  <return>  to proceed.
If that doesn't work, type  X <return>  to quit.


LaTeX Warning: `h' float specifier changed to `ht'.

! Undefined control sequence.
l.649 \newapage
               
The control sequence at the end of the top line
of your error message was never \def'ed. If you have
misspelled it (e.g., `\hobx'), type `I' and the correct
spelling (e.g., `I\hbox'). Otherwise just continue,
and I'll forget about whatever was undefined.


Overfull \hbox (3.46379pt too wide) in paragraph at lines 652--653
 [] \T1/ppl/m/n/12 Na Rys.16 przed-sta-wiono for-mu-larz dzi¦ki któ-remu u»yt-k
ow-nik mo»e zmie-ni¢ swoje
 []

[23 <./images//GUI_lista_badan.png> <./images//GUI_opis_badania.png>]
<images//GUI_zmiana_danych.png, id=117, 547.2947pt x 599.99156pt>
File: images//GUI_zmiana_danych.png Graphic file (type png)
<use images//GUI_zmiana_danych.png>
Package pdftex.def Info: images//GUI_zmiana_danych.png  used on input line 656.

(pdftex.def)             Requested size: 227.62206pt x 249.54117pt.
 [24 <./images//GUI_zarzadzanie_kontem.png> <./images//GUI_zmiana_danych.png>]
Overfull \hbox (7.11185pt too wide) in paragraph at lines 666--667
\T1/ppl/m/n/12 dal-to-ni-zmu. Opro-gra-mo-wa-nie b¦-dzie miaªo za za-da-nie uªa
-twie-nie roz-po-zna-wa-nia scho-
 []

[25] (./documentation.aux) ) 
Here is how much of TeX's memory you used:
 3664 strings out of 478268
 61360 string characters out of 5846346
 365005 words of memory out of 5000000
 21827 multiletter control sequences out of 15000+600000
 485470 words of font info for 59 fonts, out of 8000000 for 9000
 1141 hyphenation exceptions out of 8191
 55i,6n,62p,2328b,353s stack positions out of 10000i,1000n,20000p,200000b,200000s
{/usr/local/texlive/2022/texmf-dist/fonts/enc/dvips
/tex-gyre/q-ec.enc}{/usr/local/texlive/2022/texmf-dist/fonts/enc/dvips/base/8r.
enc}{/usr/local/texlive/2022/texmf-dist/fonts/enc/dvips/cm-super/cm-super-t1.en
c}</usr/local/texlive/2022/texmf-dist/fonts/type1/public/tex-gyre/qcrr.pfb></us
r/local/texlive/2022/texmf-dist/fonts/type1/public/cm-super/sfrb1200.pfb></usr/
local/texlive/2022/texmf-dist/fonts/type1/public/cm-super/sfrm1200.pfb></usr/lo
cal/texlive/2022/texmf-dist/fonts/type1/urw/palatino/uplb8a.pfb></usr/local/tex
live/2022/texmf-dist/fonts/type1/urw/palatino/uplr8a.pfb>
Output written on documentation.pdf (26 pages, 2443213 bytes).
PDF statistics:
 153 PDF objects out of 1000 (max. 8388607)
 78 compressed objects within 1 object stream
 0 named destinations out of 1000 (max. 500000)
 91 words of extra memory for PDF output out of 10000 (max. 10000000)

